{"caller":"/main.go:18","level":"info","msg":"logger initialized","time":"2022-11-06 14:41:44"}
{"caller":"/main.go:22","level":"info","msg":"config loading...","time":"2022-11-06 14:41:44"}
{"caller":"/main.go:29","level":"info","msg":"config loaded","time":"2022-11-06 14:41:44"}
{"caller":"/main.go:31","level":"info","msg":"database connecting....","time":"2022-11-06 14:41:44"}
{"caller":"/main.go:46","level":"info","msg":"database connected","time":"2022-11-06 14:41:44"}
{"caller":"/main.go:67","level":"info","msg":"api server initializing","time":"2022-11-06 14:41:44"}
{"caller":"/main.go:18","level":"info","msg":"logger initialized","time":"2022-11-06 15:05:44"}
{"caller":"/main.go:22","level":"info","msg":"config loading...","time":"2022-11-06 15:05:44"}
{"caller":"/main.go:29","level":"info","msg":"config loaded","time":"2022-11-06 15:05:44"}
{"caller":"/main.go:31","level":"info","msg":"database connecting....","time":"2022-11-06 15:05:44"}
{"caller":"/main.go:46","level":"info","msg":"database connected","time":"2022-11-06 15:05:44"}
{"caller":"/main.go:67","level":"info","msg":"api server initializing","time":"2022-11-06 15:05:44"}
{"caller":"/repositories/nsdlClient.go:123","level":"error","msg":"ERROR: invalid byte sequence for encoding \"UTF8\": 0x00 (SQLSTATE 22021)","time":"2022-11-06 15:05:46"}
{"caller":"/main.go:18","level":"info","msg":"logger initialized","time":"2022-11-06 15:07:23"}
{"caller":"/main.go:22","level":"info","msg":"config loading...","time":"2022-11-06 15:07:23"}
{"caller":"/main.go:29","level":"info","msg":"config loaded","time":"2022-11-06 15:07:23"}
{"caller":"/main.go:31","level":"info","msg":"database connecting....","time":"2022-11-06 15:07:23"}
{"caller":"/main.go:46","level":"info","msg":"database connected","time":"2022-11-06 15:07:23"}
{"caller":"/main.go:67","level":"info","msg":"api server initializing","time":"2022-11-06 15:07:23"}
{"caller":"/main.go:18","level":"info","msg":"logger initialized","time":"2022-11-06 15:08:34"}
{"caller":"/main.go:22","level":"info","msg":"config loading...","time":"2022-11-06 15:08:34"}
{"caller":"/main.go:29","level":"info","msg":"config loaded","time":"2022-11-06 15:08:34"}
{"caller":"/main.go:31","level":"info","msg":"database connecting....","time":"2022-11-06 15:08:34"}
{"caller":"/main.go:46","level":"info","msg":"database connected","time":"2022-11-06 15:08:34"}
{"caller":"/main.go:67","level":"info","msg":"api server initializing","time":"2022-11-06 15:08:34"}
{"caller":"/repositories/nsdlClient.go:124","level":"error","msg":"ERROR: invalid byte sequence for encoding \"UTF8\": 0x00 (SQLSTATE 22021)","time":"2022-11-06 15:08:38"}
{"caller":"/main.go:18","level":"info","msg":"logger initialized","time":"2022-11-06 15:10:12"}
{"caller":"/main.go:22","level":"info","msg":"config loading...","time":"2022-11-06 15:10:12"}
{"caller":"/main.go:29","level":"info","msg":"config loaded","time":"2022-11-06 15:10:12"}
{"caller":"/main.go:31","level":"info","msg":"database connecting....","time":"2022-11-06 15:10:12"}
{"caller":"/main.go:46","level":"info","msg":"database connected","time":"2022-11-06 15:10:12"}
{"caller":"/main.go:67","level":"info","msg":"api server initializing","time":"2022-11-06 15:10:12"}
{"caller":"/main.go:18","level":"info","msg":"logger initialized","time":"2022-11-06 15:17:34"}
{"caller":"/main.go:22","level":"info","msg":"config loading...","time":"2022-11-06 15:17:34"}
{"caller":"/main.go:29","level":"info","msg":"config loaded","time":"2022-11-06 15:17:34"}
{"caller":"/main.go:31","level":"info","msg":"database connecting....","time":"2022-11-06 15:17:34"}
{"caller":"/main.go:46","level":"info","msg":"database connected","time":"2022-11-06 15:17:34"}
{"caller":"/main.go:67","level":"info","msg":"api server initializing","time":"2022-11-06 15:17:34"}
{"caller":"/main.go:18","level":"info","msg":"logger initialized","time":"2022-11-06 15:18:16"}
{"caller":"/main.go:22","level":"info","msg":"config loading...","time":"2022-11-06 15:18:16"}
{"caller":"/main.go:29","level":"info","msg":"config loaded","time":"2022-11-06 15:18:16"}
{"caller":"/main.go:31","level":"info","msg":"database connecting....","time":"2022-11-06 15:18:16"}
{"caller":"/main.go:46","level":"info","msg":"database connected","time":"2022-11-06 15:18:16"}
{"caller":"/main.go:67","level":"info","msg":"api server initializing","time":"2022-11-06 15:18:16"}
{"caller":"/main.go:18","level":"info","msg":"logger initialized","time":"2022-11-06 15:22:48"}
{"caller":"/main.go:22","level":"info","msg":"config loading...","time":"2022-11-06 15:22:48"}
{"caller":"/main.go:29","level":"info","msg":"config loaded","time":"2022-11-06 15:22:48"}
{"caller":"/main.go:31","level":"info","msg":"database connecting....","time":"2022-11-06 15:22:48"}
{"caller":"/main.go:46","level":"info","msg":"database connected","time":"2022-11-06 15:22:48"}
{"caller":"/main.go:67","level":"info","msg":"api server initializing","time":"2022-11-06 15:22:48"}
