{"caller":"/main.go:18","level":"info","msg":"logger initialized","time":"2022-11-14 12:15:12"}
{"caller":"/main.go:22","level":"info","msg":"config loading...","time":"2022-11-14 12:15:12"}
{"caller":"/main.go:29","level":"info","msg":"config loaded","time":"2022-11-14 12:15:12"}
{"caller":"/main.go:31","level":"info","msg":"database connecting....","time":"2022-11-14 12:15:12"}
{"caller":"/main.go:46","level":"info","msg":"database connected","time":"2022-11-14 12:15:12"}
{"caller":"/main.go:67","level":"info","msg":"api server initializing","time":"2022-11-14 12:15:12"}
{"caller":"/main.go:18","level":"info","msg":"logger initialized","time":"2022-11-14 12:17:29"}
{"caller":"/main.go:22","level":"info","msg":"config loading...","time":"2022-11-14 12:17:29"}
{"caller":"/main.go:29","level":"info","msg":"config loaded","time":"2022-11-14 12:17:29"}
{"caller":"/main.go:31","level":"info","msg":"database connecting....","time":"2022-11-14 12:17:29"}
{"caller":"/main.go:46","level":"info","msg":"database connected","time":"2022-11-14 12:17:29"}
{"caller":"/main.go:67","level":"info","msg":"api server initializing","time":"2022-11-14 12:17:29"}
{"caller":"/main.go:18","level":"info","msg":"logger initialized","time":"2022-11-14 12:25:45"}
{"caller":"/main.go:22","level":"info","msg":"config loading...","time":"2022-11-14 12:25:45"}
{"caller":"/main.go:29","level":"info","msg":"config loaded","time":"2022-11-14 12:25:45"}
{"caller":"/main.go:31","level":"info","msg":"database connecting....","time":"2022-11-14 12:25:45"}
{"caller":"/main.go:46","level":"info","msg":"database connected","time":"2022-11-14 12:25:45"}
{"caller":"/main.go:67","level":"info","msg":"api server initializing","time":"2022-11-14 12:25:45"}
{"caller":"/main.go:18","level":"info","msg":"logger initialized","time":"2022-11-14 12:27:27"}
{"caller":"/main.go:22","level":"info","msg":"config loading...","time":"2022-11-14 12:27:27"}
{"caller":"/main.go:29","level":"info","msg":"config loaded","time":"2022-11-14 12:27:27"}
{"caller":"/main.go:31","level":"info","msg":"database connecting....","time":"2022-11-14 12:27:27"}
{"caller":"/main.go:46","level":"info","msg":"database connected","time":"2022-11-14 12:27:27"}
{"caller":"/main.go:67","level":"info","msg":"api server initializing","time":"2022-11-14 12:27:27"}
{"caller":"/main.go:18","level":"info","msg":"logger initialized","time":"2022-11-14 12:28:10"}
{"caller":"/main.go:22","level":"info","msg":"config loading...","time":"2022-11-14 12:28:10"}
{"caller":"/main.go:29","level":"info","msg":"config loaded","time":"2022-11-14 12:28:10"}
{"caller":"/main.go:31","level":"info","msg":"database connecting....","time":"2022-11-14 12:28:10"}
{"caller":"/main.go:46","level":"info","msg":"database connected","time":"2022-11-14 12:28:10"}
{"caller":"/main.go:67","level":"info","msg":"api server initializing","time":"2022-11-14 12:28:10"}
{"caller":"/services/nsdlKyc.go:637","level":"error","msg":"user record not found","time":"2022-11-14 12:28:11"}
{"caller":"/services/nsdlKyc.go:637","level":"error","msg":"user record not found","time":"2022-11-14 12:30:25"}
{"caller":"/services/nsdlKyc.go:613","level":"error","msg":"\u003cnil\u003e","time":"2022-11-14 12:32:15"}
{"caller":"/main.go:18","level":"info","msg":"logger initialized","time":"2022-11-14 12:33:17"}
{"caller":"/main.go:22","level":"info","msg":"config loading...","time":"2022-11-14 12:33:17"}
{"caller":"/main.go:29","level":"info","msg":"config loaded","time":"2022-11-14 12:33:17"}
{"caller":"/main.go:31","level":"info","msg":"database connecting....","time":"2022-11-14 12:33:17"}
{"caller":"/main.go:46","level":"info","msg":"database connected","time":"2022-11-14 12:33:17"}
{"caller":"/main.go:67","level":"info","msg":"api server initializing","time":"2022-11-14 12:33:17"}
{"caller":"/main.go:18","level":"info","msg":"logger initialized","time":"2022-11-14 12:33:39"}
{"caller":"/main.go:22","level":"info","msg":"config loading...","time":"2022-11-14 12:33:39"}
{"caller":"/main.go:29","level":"info","msg":"config loaded","time":"2022-11-14 12:33:39"}
{"caller":"/main.go:31","level":"info","msg":"database connecting....","time":"2022-11-14 12:33:39"}
{"caller":"/main.go:46","level":"info","msg":"database connected","time":"2022-11-14 12:33:39"}
{"caller":"/main.go:67","level":"info","msg":"api server initializing","time":"2022-11-14 12:33:39"}
{"caller":"/main.go:18","level":"info","msg":"logger initialized","time":"2022-11-14 12:34:38"}
{"caller":"/main.go:22","level":"info","msg":"config loading...","time":"2022-11-14 12:34:38"}
{"caller":"/main.go:29","level":"info","msg":"config loaded","time":"2022-11-14 12:34:38"}
{"caller":"/main.go:31","level":"info","msg":"database connecting....","time":"2022-11-14 12:34:38"}
{"caller":"/main.go:46","level":"info","msg":"database connected","time":"2022-11-14 12:34:39"}
{"caller":"/main.go:67","level":"info","msg":"api server initializing","time":"2022-11-14 12:34:39"}
{"caller":"/main.go:18","level":"info","msg":"logger initialized","time":"2022-11-14 12:35:02"}
{"caller":"/main.go:22","level":"info","msg":"config loading...","time":"2022-11-14 12:35:02"}
{"caller":"/main.go:29","level":"info","msg":"config loaded","time":"2022-11-14 12:35:02"}
{"caller":"/main.go:31","level":"info","msg":"database connecting....","time":"2022-11-14 12:35:02"}
{"caller":"/main.go:46","level":"info","msg":"database connected","time":"2022-11-14 12:35:02"}
{"caller":"/main.go:67","level":"info","msg":"api server initializing","time":"2022-11-14 12:35:02"}
{"caller":"/main.go:18","level":"info","msg":"logger initialized","time":"2022-11-14 12:35:44"}
{"caller":"/main.go:22","level":"info","msg":"config loading...","time":"2022-11-14 12:35:44"}
{"caller":"/main.go:29","level":"info","msg":"config loaded","time":"2022-11-14 12:35:44"}
{"caller":"/main.go:31","level":"info","msg":"database connecting....","time":"2022-11-14 12:35:44"}
{"caller":"/main.go:46","level":"info","msg":"database connected","time":"2022-11-14 12:35:44"}
{"caller":"/main.go:67","level":"info","msg":"api server initializing","time":"2022-11-14 12:35:44"}
{"caller":"/services/nsdlKyc.go:614","level":"error","msg":"\u003cnil\u003e","time":"2022-11-14 12:36:13"}
{"caller":"/main.go:18","level":"info","msg":"logger initialized","time":"2022-11-14 12:37:01"}
{"caller":"/main.go:22","level":"info","msg":"config loading...","time":"2022-11-14 12:37:01"}
{"caller":"/main.go:29","level":"info","msg":"config loaded","time":"2022-11-14 12:37:01"}
{"caller":"/main.go:31","level":"info","msg":"database connecting....","time":"2022-11-14 12:37:01"}
{"caller":"/main.go:46","level":"info","msg":"database connected","time":"2022-11-14 12:37:01"}
{"caller":"/main.go:67","level":"info","msg":"api server initializing","time":"2022-11-14 12:37:01"}
{"caller":"/services/nsdlKyc.go:618","level":"error","msg":"\u003cnil\u003e","time":"2022-11-14 12:37:03"}
