{"caller":"/main.go:18","level":"info","msg":"logger initialized","time":"2022-11-02 18:36:30"}
{"caller":"/main.go:22","level":"info","msg":"config loading...","time":"2022-11-02 18:36:30"}
{"caller":"/main.go:29","level":"info","msg":"config loaded","time":"2022-11-02 18:36:30"}
{"caller":"/main.go:31","level":"info","msg":"database connecting....","time":"2022-11-02 18:36:30"}
{"caller":"/main.go:46","level":"info","msg":"database connected","time":"2022-11-02 18:36:30"}
{"caller":"/main.go:67","level":"info","msg":"api server initializing","time":"2022-11-02 18:36:30"}
{"caller":"/main.go:18","level":"info","msg":"logger initialized","time":"2022-11-02 18:37:19"}
{"caller":"/main.go:22","level":"info","msg":"config loading...","time":"2022-11-02 18:37:19"}
{"caller":"/main.go:29","level":"info","msg":"config loaded","time":"2022-11-02 18:37:19"}
{"caller":"/main.go:31","level":"info","msg":"database connecting....","time":"2022-11-02 18:37:19"}
{"caller":"/main.go:46","level":"info","msg":"database connected","time":"2022-11-02 18:37:19"}
{"caller":"/main.go:67","level":"info","msg":"api server initializing","time":"2022-11-02 18:37:19"}
{"caller":"/main.go:18","level":"info","msg":"logger initialized","time":"2022-11-02 19:16:59"}
{"caller":"/main.go:22","level":"info","msg":"config loading...","time":"2022-11-02 19:16:59"}
{"caller":"/main.go:29","level":"info","msg":"config loaded","time":"2022-11-02 19:16:59"}
{"caller":"/main.go:31","level":"info","msg":"database connecting....","time":"2022-11-02 19:16:59"}
{"caller":"/main.go:46","level":"info","msg":"database connected","time":"2022-11-02 19:16:59"}
{"caller":"/main.go:67","level":"info","msg":"api server initializing","time":"2022-11-02 19:16:59"}
{"caller":"/main.go:18","level":"info","msg":"logger initialized","time":"2022-11-02 19:17:30"}
{"caller":"/main.go:22","level":"info","msg":"config loading...","time":"2022-11-02 19:17:30"}
{"caller":"/main.go:29","level":"info","msg":"config loaded","time":"2022-11-02 19:17:30"}
{"caller":"/main.go:31","level":"info","msg":"database connecting....","time":"2022-11-02 19:17:30"}
{"caller":"/main.go:46","level":"info","msg":"database connected","time":"2022-11-02 19:17:31"}
{"caller":"/main.go:67","level":"info","msg":"api server initializing","time":"2022-11-02 19:17:31"}
{"caller":"/main.go:18","level":"info","msg":"logger initialized","time":"2022-11-02 19:17:51"}
{"caller":"/main.go:22","level":"info","msg":"config loading...","time":"2022-11-02 19:17:51"}
{"caller":"/main.go:29","level":"info","msg":"config loaded","time":"2022-11-02 19:17:51"}
{"caller":"/main.go:31","level":"info","msg":"database connecting....","time":"2022-11-02 19:17:51"}
{"caller":"/main.go:46","level":"info","msg":"database connected","time":"2022-11-02 19:17:51"}
{"caller":"/main.go:67","level":"info","msg":"api server initializing","time":"2022-11-02 19:17:51"}
